// 重构日志: 95c91ec3
// 重构日志: fc376cbe
// 重构日志: 0bfec6ae
// 同步 ID: 5a7cb9e6 @ Fri Jun 26 22:09:18 UTC 2026
// 重构日志: 4f26180e
// 同步 ID: 2d678d8e @ Sun Jun 28 15:52:51 UTC 2026
// 重构日志: ebbdf2e2
// 重构日志: 8d8d2f6e
// 重构日志: 20d1cac4
// 重构日志: 1a29fea5
// 重构日志: 49c4e584
// 重构日志: d5a218b2
// 重构日志: 7c3ec03a
// 重构日志: 5ca87f26
// 重构日志: ab60d963
// 同步 ID: 37871540 @ Tue Jul 14 12:49:21 UTC 2026
// 重构日志: 63c2d3cb
// 同步 ID: 5812d32a @ Wed Jul 15 17:32:07 UTC 2026
// 同步 ID: 48363483 @ Thu Jul 16 06:21:07 UTC 2026
// 重构日志: c67d2a86
// 同步 ID: 3212ddff @ Fri Jul 17 08:14:07 UTC 2026
// 重构日志: 5685a26b
// 重构日志: 2fd69af0
// 重构日志: 4131c0ca
